<?xml version="1.0" encoding="UTF-8" standalone="yes"?><!DOCTYPE report PUBLIC "-//JACOCO//DTD Report 1.1//EN" "report.dtd"><report name="Book Store API"><sessioninfo id="DESKTOP-SRN8JLA-4fd0b712" start="1779805348003" dump="1779805421015"/><package name="com/bookstoreapi/entity"><class name="com/bookstoreapi/entity/Order" sourcefilename="Order.java"/><class name="com/bookstoreapi/entity/Book" sourcefilename="Book.java"><method name="&lt;init&gt;" desc="()V" line="35"><counter type="INSTRUCTION" missed="0" covered="3"/><counter type="LINE" missed="0" covered="2"/><counter type="COMPLEXITY" missed="0" covered="1"/><counter type="METHOD" missed="0" covered="1"/></method><method name="&lt;init&gt;" desc="(Ljava/lang/Long;Ljava/lang/String;Lcom/bookstoreapi/entity/Author;Ljava/lang/String;Ljava/lang/String;Ljava/lang/String;Ljava/lang/String;)V" line="56"><counter type="INSTRUCTION" missed="0" covered="24"/><counter type="LINE" missed="0" covered="9"/><counter type="COMPLEXITY" missed="0" covered="1"/><counter type="METHOD" missed="0" covered="1"/></method><method name="getId" desc="()Ljava/lang/Long;" line="68"><counter type="INSTRUCTION" missed="0" covered="3"/><counter type="LINE" missed="0" covered="1"/><counter type="COMPLEXITY" missed="0" covered="1"/><counter type="METHOD" missed="0" covered="1"/></method><method name="setId" desc="(Ljava/lang/Long;)V" line="72"><counter type="INSTRUCTION" missed="0" covered="4"/><counter type="LINE" missed="0" covered="2"/><counter type="COMPLEXITY" missed="0" covered="1"/><counter type="METHOD" missed="0" covered="1"/></method><method name="getTitle" desc="()Ljava/lang/String;" line="76"><counter type="INSTRUCTION" missed="0" covered="3"/><counter type="LINE" missed="0" covered="1"/><counter type="COMPLEXITY" missed="0" covered="1"/><counter type="METHOD" missed="0" covered="1"/></method><method name="setTitle" desc="(Ljava/lang/String;)V" line="80"><counter type="INSTRUCTION" missed="0" covered="4"/><counter type="LINE" missed="0" covered="2"/><counter type="COMPLEXITY" missed="0" covered="1"/><counter type="METHOD" missed="0" covered="1"/></method><method name="getAuthor" desc="()Lcom/bookstoreapi/entity/Author;" line="84"><counter type="INSTRUCTION" missed="3" covered="0"/><counter type="LINE" missed="1" covered="0"/><counter type="COMPLEXITY" missed="1" covered="0"/><counter type="METHOD" missed="1" covered="0"/></method><method name="setAuthor" desc="(Lcom/bookstoreapi/entity/Author;)V" line="88"><counter type="INSTRUCTION" missed="4" covered="0"/><counter type="LINE" missed="2" covered="0"/><counter type="COMPLEXITY" missed="1" covered="0"/><counter type="METHOD" missed="1" covered="0"/></method><method name="getDescription" desc="()Ljava/lang/String;" line="92"><counter type="INSTRUCTION" missed="3" covered="0"/><counter type="LINE" missed="1" covered="0"/><counter type="COMPLEXITY" missed="1" covered="0"/><counter type="METHOD" missed="1" covered="0"/></method><method name="setDescription" desc="(Ljava/lang/String;)V" line="98"><counter type="INSTRUCTION" missed="0" covered="4"/><counter type="LINE" missed="0" covered="2"/><counter type="COMPLEXITY" missed="0" covered="1"/><counter type="METHOD" missed="0" covered="1"/></method><method name="getGenre" desc="()Ljava/lang/String;" line="102"><counter type="INSTRUCTION" missed="3" covered="0"/><counter type="LINE" missed="1" covered="0"/><counter type="COMPLEXITY" missed="1" covered="0"/><counter type="METHOD" missed="1" covered="0"/></method><method name="setGenre" desc="(Ljava/lang/String;)V" line="106"><counter type="INSTRUCTION" missed="0" covered="4"/><counter type="LINE" missed="0" covered="2"/><counter type="COMPLEXITY" missed="0" covered="1"/><counter type="METHOD" missed="0" covered="1"/></method><method name="getPublicationDate" desc="()Ljava/lang/String;" line="110"><counter type="INSTRUCTION" missed="3" covered="0"/><counter type="LINE" missed="1" covered="0"/><counter type="COMPLEXITY" missed="1" covered="0"/><counter type="METHOD" missed="1" covered="0"/></method><method name="setPublicationDate" desc="(Ljava/lang/String;)V" line="116"><counter type="INSTRUCTION" missed="0" covered="4"/><counter type="LINE" missed="0" covered="2"/><counter type="COMPLEXITY" missed="0" covered="1"/><counter type="METHOD" missed="0" covered="1"/></method><method name="getPrice" desc="()Ljava/lang/String;" line="120"><counter type="INSTRUCTION" missed="3" covered="0"/><counter type="LINE" missed="1" covered="0"/><counter type="COMPLEXITY" missed="1" covered="0"/><counter type="METHOD" missed="1" covered="0"/></method><method name="setPrice" desc="(Ljava/lang/String;)V" line="124"><counter type="INSTRUCTION" missed="4" covered="0"/><counter type="LINE" missed="2" covered="0"/><counter type="COMPLEXITY" missed="1" covered="0"/><counter type="METHOD" missed="1" covered="0"/></method><counter type="INSTRUCTION" missed="23" covered="53"/><counter type="LINE" missed="9" covered="23"/><counter type="COMPLEXITY" missed="7" covered="9"/><counter type="METHOD" missed="7" covered="9"/><counter type="CLASS" missed="0" covered="1"/></class><class name="com/bookstoreapi/entity/Customer" sourcefilename="Customer.java"/><class name="com/bookstoreapi/entity/Author" sourcefilename="Author.java"><method name="&lt;init&gt;" desc="()V" line="28"><counter type="INSTRUCTION" missed="0" covered="8"/><counter type="LINE" missed="0" covered="3"/><counter type="COMPLEXITY" missed="0" covered="1"/><counter type="METHOD" missed="0" covered="1"/></method><method name="&lt;init&gt;" desc="(Ljava/lang/Long;Ljava/lang/String;Ljava/lang/String;Ljava/lang/String;Ljava/lang/String;Ljava/util/List;)V" line="28"><counter type="INSTRUCTION" missed="31" covered="0"/><counter type="BRANCH" missed="2" covered="0"/><counter type="LINE" missed="10" covered="0"/><counter type="COMPLEXITY" missed="2" covered="0"/><counter type="METHOD" missed="1" covered="0"/></method><method name="getId" desc="()Ljava/lang/Long;" line="70"><counter type="INSTRUCTION" missed="3" covered="0"/><counter type="LINE" missed="1" covered="0"/><counter type="COMPLEXITY" missed="1" covered="0"/><counter type="METHOD" missed="1" covered="0"/></method><method name="setId" desc="(Ljava/lang/Long;)V" line="74"><counter type="INSTRUCTION" missed="4" covered="0"/><counter type="LINE" missed="2" covered="0"/><counter type="COMPLEXITY" missed="1" covered="0"/><counter type="METHOD" missed="1" covered="0"/></method><method name="getName" desc="()Ljava/lang/String;" line="78"><counter type="INSTRUCTION" missed="3" covered="0"/><counter type="LINE" missed="1" covered="0"/><counter type="COMPLEXITY" missed="1" covered="0"/><counter type="METHOD" missed="1" covered="0"/></method><method name="setName" desc="(Ljava/lang/String;)V" line="82"><counter type="INSTRUCTION" missed="4" covered="0"/><counter type="LINE" missed="2" covered="0"/><counter type="COMPLEXITY" missed="1" covered="0"/><counter type="METHOD" missed="1" covered="0"/></method><method name="getEmail" desc="()Ljava/lang/String;" line="86"><counter type="INSTRUCTION" missed="3" covered="0"/><counter type="LINE" missed="1" covered="0"/><counter type="COMPLEXITY" missed="1" covered="0"/><counter type="METHOD" missed="1" covered="0"/></method><method name="setEmail" desc="(Ljava/lang/String;)V" line="90"><counter type="INSTRUCTION" missed="4" covered="0"/><counter type="LINE" missed="2" covered="0"/><counter type="COMPLEXITY" missed="1" covered="0"/><counter type="METHOD" missed="1" covered="0"/></method><method name="getAddress" desc="()Ljava/lang/String;" line="94"><counter type="INSTRUCTION" missed="3" covered="0"/><counter type="LINE" missed="1" covered="0"/><counter type="COMPLEXITY" missed="1" covered="0"/><counter type="METHOD" missed="1" covered="0"/></method><method name="setAddress" desc="(Ljava/lang/String;)V" line="98"><counter type="INSTRUCTION" missed="4" covered="0"/><counter type="LINE" missed="2" covered="0"/><counter type="COMPLEXITY" missed="1" covered="0"/><counter type="METHOD" missed="1" covered="0"/></method><method name="getPhone" desc="()Ljava/lang/String;" line="102"><counter type="INSTRUCTION" missed="3" covered="0"/><counter type="LINE" missed="1" covered="0"/><counter type="COMPLEXITY" missed="1" covered="0"/><counter type="METHOD" missed="1" covered="0"/></method><method name="setPhone" desc="(Ljava/lang/String;)V" line="106"><counter type="INSTRUCTION" missed="4" covered="0"/><counter type="LINE" missed="2" covered="0"/><counter type="COMPLEXITY" missed="1" covered="0"/><counter type="METHOD" missed="1" covered="0"/></method><method name="getBooks" desc="()Ljava/util/List;" line="110"><counter type="INSTRUCTION" missed="6" covered="0"/><counter type="LINE" missed="1" covered="0"/><counter type="COMPLEXITY" missed="1" covered="0"/><counter type="METHOD" missed="1" covered="0"/></method><method name="setBooks" desc="(Ljava/util/List;)V" line="115"><counter type="INSTRUCTION" missed="15" covered="0"/><counter type="BRANCH" missed="2" covered="0"/><counter type="LINE" missed="4" covered="0"/><counter type="COMPLEXITY" missed="2" covered="0"/><counter type="METHOD" missed="1" covered="0"/></method><counter type="INSTRUCTION" missed="87" covered="8"/><counter type="BRANCH" missed="4" covered="0"/><counter type="LINE" missed="29" covered="3"/><counter type="COMPLEXITY" missed="15" covered="1"/><counter type="METHOD" missed="13" covered="1"/><counter type="CLASS" missed="0" covered="1"/></class><sourcefile name="Order.java"/><sourcefile name="Book.java"><line nr="35" mi="0" ci="2" mb="0" cb="0"/><line nr="36" mi="0" ci="1" mb="0" cb="0"/><line nr="56" mi="0" ci="2" mb="0" cb="0"/><line nr="58" mi="0" ci="3" mb="0" cb="0"/><line nr="59" mi="0" ci="3" mb="0" cb="0"/><line nr="60" mi="0" ci="3" mb="0" cb="0"/><line nr="61" mi="0" ci="3" mb="0" cb="0"/><line nr="62" mi="0" ci="3" mb="0" cb="0"/><line nr="63" mi="0" ci="3" mb="0" cb="0"/><line nr="64" mi="0" ci="3" mb="0" cb="0"/><line nr="65" mi="0" ci="1" mb="0" cb="0"/><line nr="68" mi="0" ci="3" mb="0" cb="0"/><line nr="72" mi="0" ci="3" mb="0" cb="0"/><line nr="73" mi="0" ci="1" mb="0" cb="0"/><line nr="76" mi="0" ci="3" mb="0" cb="0"/><line nr="80" mi="0" ci="3" mb="0" cb="0"/><line nr="81" mi="0" ci="1" mb="0" cb="0"/><line nr="84" mi="3" ci="0" mb="0" cb="0"/><line nr="88" mi="3" ci="0" mb="0" cb="0"/><line nr="89" mi="1" ci="0" mb="0" cb="0"/><line nr="92" mi="3" ci="0" mb="0" cb="0"/><line nr="98" mi="0" ci="3" mb="0" cb="0"/><line nr="99" mi="0" ci="1" mb="0" cb="0"/><line nr="102" mi="3" ci="0" mb="0" cb="0"/><line nr="106" mi="0" ci="3" mb="0" cb="0"/><line nr="107" mi="0" ci="1" mb="0" cb="0"/><line nr="110" mi="3" ci="0" mb="0" cb="0"/><line nr="116" mi="0" ci="3" mb="0" cb="0"/><line nr="117" mi="0" ci="1" mb="0" cb="0"/><line nr="120" mi="3" ci="0" mb="0" cb="0"/><line nr="124" mi="3" ci="0" mb="0" cb="0"/><line nr="125" mi="1" ci="0" mb="0" cb="0"/><counter type="INSTRUCTION" missed="23" covered="53"/><counter type="LINE" missed="9" covered="23"/><counter type="COMPLEXITY" missed="7" covered="9"/><counter type="METHOD" missed="7" covered="9"/><counter type="CLASS" missed="0" covered="1"/></sourcefile><sourcefile name="Customer.java"/><sourcefile name="Author.java"><line nr="28" mi="5" ci="5" mb="0" cb="0"/><line nr="37" mi="0" ci="2" mb="0" cb="0"/><line nr="38" mi="0" ci="1" mb="0" cb="0"/><line nr="56" mi="2" ci="0" mb="0" cb="0"/><line nr="58" mi="3" ci="0" mb="0" cb="0"/><line nr="59" mi="3" ci="0" mb="0" cb="0"/><line nr="60" mi="3" ci="0" mb="0" cb="0"/><line nr="61" mi="3" ci="0" mb="0" cb="0"/><line nr="62" mi="3" ci="0" mb="0" cb="0"/><line nr="64" mi="2" ci="0" mb="2" cb="0"/><line nr="65" mi="6" ci="0" mb="0" cb="0"/><line nr="67" mi="1" ci="0" mb="0" cb="0"/><line nr="70" mi="3" ci="0" mb="0" cb="0"/><line nr="74" mi="3" ci="0" mb="0" cb="0"/><line nr="75" mi="1" ci="0" mb="0" cb="0"/><line nr="78" mi="3" ci="0" mb="0" cb="0"/><line nr="82" mi="3" ci="0" mb="0" cb="0"/><line nr="83" mi="1" ci="0" mb="0" cb="0"/><line nr="86" mi="3" ci="0" mb="0" cb="0"/><line nr="90" mi="3" ci="0" mb="0" cb="0"/><line nr="91" mi="1" ci="0" mb="0" cb="0"/><line nr="94" mi="3" ci="0" mb="0" cb="0"/><line nr="98" mi="3" ci="0" mb="0" cb="0"/><line nr="99" mi="1" ci="0" mb="0" cb="0"/><line nr="102" mi="3" ci="0" mb="0" cb="0"/><line nr="106" mi="3" ci="0" mb="0" cb="0"/><line nr="107" mi="1" ci="0" mb="0" cb="0"/><line nr="110" mi="6" ci="0" mb="0" cb="0"/><line nr="115" mi="2" ci="0" mb="2" cb="0"/><line nr="116" mi="6" ci="0" mb="0" cb="0"/><line nr="118" mi="6" ci="0" mb="0" cb="0"/><line nr="120" mi="1" ci="0" mb="0" cb="0"/><counter type="INSTRUCTION" missed="87" covered="8"/><counter type="BRANCH" missed="4" covered="0"/><counter type="LINE" missed="29" covered="3"/><counter type="COMPLEXITY" missed="15" covered="1"/><counter type="METHOD" missed="13" covered="1"/><counter type="CLASS" missed="0" covered="1"/></sourcefile><counter type="INSTRUCTION" missed="110" covered="61"/><counter type="BRANCH" missed="4" covered="0"/><counter type="LINE" missed="38" covered="26"/><counter type="COMPLEXITY" missed="22" covered="10"/><counter type="METHOD" missed="20" covered="10"/><counter type="CLASS" missed="0" covered="2"/></package><package name="com/bookstoreapi/CircuitBreaker"><class name="com/bookstoreapi/CircuitBreaker/ExternalServiceCaller" sourcefilename="ExternalServiceCaller.java"><method name="&lt;init&gt;" desc="()V" line="7"><counter type="INSTRUCTION" missed="3" covered="0"/><counter type="LINE" missed="1" covered="0"/><counter type="COMPLEXITY" missed="1" covered="0"/><counter type="METHOD" missed="1" covered="0"/></method><method name="callExternalService" desc="()Ljava/lang/String;" line="12"><counter type="INSTRUCTION" missed="2" covered="0"/><counter type="LINE" missed="1" covered="0"/><counter type="COMPLEXITY" missed="1" covered="0"/><counter type="METHOD" missed="1" covered="0"/></method><method name="fallbackForExternalService" desc="(Ljava/lang/Throwable;)Ljava/lang/String;" line="17"><counter type="INSTRUCTION" missed="4" covered="0"/><counter type="LINE" missed="1" covered="0"/><counter type="COMPLEXITY" missed="1" covered="0"/><counter type="METHOD" missed="1" covered="0"/></method><counter type="INSTRUCTION" missed="9" covered="0"/><counter type="LINE" missed="3" covered="0"/><counter type="COMPLEXITY" missed="3" covered="0"/><counter type="METHOD" missed="3" covered="0"/><counter type="CLASS" missed="1" covered="0"/></class><sourcefile name="ExternalServiceCaller.java"><line nr="7" mi="3" ci="0" mb="0" cb="0"/><line nr="12" mi="2" ci="0" mb="0" cb="0"/><line nr="17" mi="4" ci="0" mb="0" cb="0"/><counter type="INSTRUCTION" missed="9" covered="0"/><counter type="LINE" missed="3" covered="0"/><counter type="COMPLEXITY" missed="3" covered="0"/><counter type="METHOD" missed="3" covered="0"/><counter type="CLASS" missed="1" covered="0"/></sourcefile><counter type="INSTRUCTION" missed="9" covered="0"/><counter type="LINE" missed="3" covered="0"/><counter type="COMPLEXITY" missed="3" covered="0"/><counter type="METHOD" missed="3" covered="0"/><counter type="CLASS" missed="1" covered="0"/></package><package name="com/bookstoreapi/repository"><class name="com/bookstoreapi/repository/BookRepository" sourcefilename="BookRepository.java"/><class name="com/bookstoreapi/repository/AuthorRepository" sourcefilename="AuthorRepository.java"/><class name="com/bookstoreapi/repository/OrderRepository" sourcefilename="OrderRepository.java"/><class name="com/bookstoreapi/repository/BillingRepository" sourcefilename="BillingRepository.java"/><sourcefile name="BillingRepository.java"/><sourcefile name="BookRepository.java"/><sourcefile name="AuthorRepository.java"/><sourcefile name="OrderRepository.java"/></package><package name="com/bookstoreapi/config"><class name="com/bookstoreapi/config/SecurityConfig" sourcefilename="SecurityConfig.java"><method name="&lt;init&gt;" desc="()V" line="9"><counter type="INSTRUCTION" missed="3" covered="0"/><counter type="LINE" missed="1" covered="0"/><counter type="COMPLEXITY" missed="1" covered="0"/><counter type="METHOD" missed="1" covered="0"/></method><method name="securityFilterChain" desc="(Lorg/springframework/security/config/annotation/web/builders/HttpSecurity;)Lorg/springframework/security/web/SecurityFilterChain;" line="13"><counter type="INSTRUCTION" missed="11" covered="0"/><counter type="LINE" missed="4" covered="0"/><counter type="COMPLEXITY" missed="1" covered="0"/><counter type="METHOD" missed="1" covered="0"/></method><method name="lambda$securityFilterChain$0" desc="(Lorg/springframework/security/config/annotation/web/configurers/AuthorizeHttpRequestsConfigurer$AuthorizationManagerRequestMatcherRegistry;)V" line="16"><counter type="INSTRUCTION" missed="6" covered="0"/><counter type="LINE" missed="1" covered="0"/><counter type="COMPLEXITY" missed="1" covered="0"/><counter type="METHOD" missed="1" covered="0"/></method><counter type="INSTRUCTION" missed="20" covered="0"/><counter type="LINE" missed="6" covered="0"/><counter type="COMPLEXITY" missed="3" covered="0"/><counter type="METHOD" missed="3" covered="0"/><counter type="CLASS" missed="1" covered="0"/></class><sourcefile name="SecurityConfig.java"><line nr="9" mi="3" ci="0" mb="0" cb="0"/><line nr="13" mi="1" ci="0" mb="0" cb="0"/><line nr="14" mi="4" ci="0" mb="0" cb="0"/><line nr="15" mi="2" ci="0" mb="0" cb="0"/><line nr="16" mi="6" ci="0" mb="0" cb="0"/><line nr="18" mi="4" ci="0" mb="0" cb="0"/><counter type="INSTRUCTION" missed="20" covered="0"/><counter type="LINE" missed="6" covered="0"/><counter type="COMPLEXITY" missed="3" covered="0"/><counter type="METHOD" missed="3" covered="0"/><counter type="CLASS" missed="1" covered="0"/></sourcefile><counter type="INSTRUCTION" missed="20" covered="0"/><counter type="LINE" missed="6" covered="0"/><counter type="COMPLEXITY" missed="3" covered="0"/><counter type="METHOD" missed="3" covered="0"/><counter type="CLASS" missed="1" covered="0"/></package><package name="com/bookstoreapi/controller"><class name="com/bookstoreapi/controller/BookController" sourcefilename="BookController.java"><method name="&lt;init&gt;" desc="()V" line="14"><counter type="INSTRUCTION" missed="0" covered="3"/><counter type="LINE" missed="0" covered="1"/><counter type="COMPLEXITY" missed="0" covered="1"/><counter type="METHOD" missed="0" covered="1"/></method><method name="createBook" desc="(Lcom/bookstoreapi/entity/Book;)Lorg/springframework/http/ResponseEntity;" line="21"><counter type="INSTRUCTION" missed="11" covered="0"/><counter type="LINE" missed="2" covered="0"/><counter type="COMPLEXITY" missed="1" covered="0"/><counter type="METHOD" missed="1" covered="0"/></method><method name="getBookById" desc="(Ljava/lang/Long;)Lorg/springframework/http/ResponseEntity;" line="27"><counter type="INSTRUCTION" missed="11" covered="0"/><counter type="LINE" missed="2" covered="0"/><counter type="COMPLEXITY" missed="1" covered="0"/><counter type="METHOD" missed="1" covered="0"/></method><method name="getAllBooks" desc="()Lorg/springframework/http/ResponseEntity;" line="33"><counter type="INSTRUCTION" missed="10" covered="0"/><counter type="LINE" missed="2" covered="0"/><counter type="COMPLEXITY" missed="1" covered="0"/><counter type="METHOD" missed="1" covered="0"/></method><method name="updateBook" desc="(Ljava/lang/Long;Lcom/bookstoreapi/entity/Book;)Lorg/springframework/http/ResponseEntity;" line="49"><counter type="INSTRUCTION" missed="14" covered="0"/><counter type="LINE" missed="4" covered="0"/><counter type="COMPLEXITY" missed="1" covered="0"/><counter type="METHOD" missed="1" covered="0"/></method><method name="deleteBook" desc="(Ljava/lang/Long;)Lorg/springframework/http/ResponseEntity;" line="61"><counter type="INSTRUCTION" missed="10" covered="0"/><counter type="LINE" missed="2" covered="0"/><counter type="COMPLEXITY" missed="1" covered="0"/><counter type="METHOD" missed="1" covered="0"/></method><method name="createBooks" desc="(Ljava/util/List;)Lorg/springframework/http/ResponseEntity;" line="66"><counter type="INSTRUCTION" missed="11" covered="0"/><counter type="LINE" missed="2" covered="0"/><counter type="COMPLEXITY" missed="1" covered="0"/><counter type="METHOD" missed="1" covered="0"/></method><counter type="INSTRUCTION" missed="67" covered="3"/><counter type="LINE" missed="14" covered="1"/><counter type="COMPLEXITY" missed="6" covered="1"/><counter type="METHOD" missed="6" covered="1"/><counter type="CLASS" missed="0" covered="1"/></class><class name="com/bookstoreapi/controller/AuthorController" sourcefilename="AuthorController.java"><method name="&lt;init&gt;" desc="()V" line="20"><counter type="INSTRUCTION" missed="3" covered="0"/><counter type="LINE" missed="1" covered="0"/><counter type="COMPLEXITY" missed="1" covered="0"/><counter type="METHOD" missed="1" covered="0"/></method><method name="createAuthor" desc="(Lcom/bookstoreapi/entity/Author;)Lorg/springframework/http/ResponseEntity;" line="30"><counter type="INSTRUCTION" missed="30" covered="0"/><counter type="BRANCH" missed="2" covered="0"/><counter type="LINE" missed="7" covered="0"/><counter type="COMPLEXITY" missed="2" covered="0"/><counter type="METHOD" missed="1" covered="0"/></method><method name="getAuthorById" desc="(Ljava/lang/Long;)Lorg/springframework/http/ResponseEntity;" line="46"><counter type="INSTRUCTION" missed="11" covered="0"/><counter type="LINE" missed="2" covered="0"/><counter type="COMPLEXITY" missed="1" covered="0"/><counter type="METHOD" missed="1" covered="0"/></method><method name="updateAuthor" desc="(Ljava/lang/Long;Lcom/bookstoreapi/entity/Author;)Lorg/springframework/http/ResponseEntity;" line="54"><counter type="INSTRUCTION" missed="33" covered="0"/><counter type="BRANCH" missed="2" covered="0"/><counter type="LINE" missed="8" covered="0"/><counter type="COMPLEXITY" missed="2" covered="0"/><counter type="METHOD" missed="1" covered="0"/></method><method name="getAllAuthors" desc="()Lorg/springframework/http/ResponseEntity;" line="71"><counter type="INSTRUCTION" missed="10" covered="0"/><counter type="LINE" missed="2" covered="0"/><counter type="COMPLEXITY" missed="1" covered="0"/><counter type="METHOD" missed="1" covered="0"/></method><method name="getALlBookDetailsByAuthId" desc="(Ljava/lang/Long;)Lorg/springframework/http/ResponseEntity;" line="77"><counter type="INSTRUCTION" missed="11" covered="0"/><counter type="LINE" missed="2" covered="0"/><counter type="COMPLEXITY" missed="1" covered="0"/><counter type="METHOD" missed="1" covered="0"/></method><method name="lambda$updateAuthor$1" desc="(Lcom/bookstoreapi/entity/Author;Lcom/bookstoreapi/entity/Book;)V" line="57"><counter type="INSTRUCTION" missed="4" covered="0"/><counter type="LINE" missed="1" covered="0"/><counter type="COMPLEXITY" missed="1" covered="0"/><counter type="METHOD" missed="1" covered="0"/></method><method name="lambda$createAuthor$0" desc="(Lcom/bookstoreapi/entity/Author;Lcom/bookstoreapi/entity/Book;)V" line="31"><counter type="INSTRUCTION" missed="4" covered="0"/><counter type="LINE" missed="1" covered="0"/><counter type="COMPLEXITY" missed="1" covered="0"/><counter type="METHOD" missed="1" covered="0"/></method><counter type="INSTRUCTION" missed="106" covered="0"/><counter type="BRANCH" missed="4" covered="0"/><counter type="LINE" missed="22" covered="0"/><counter type="COMPLEXITY" missed="10" covered="0"/><counter type="METHOD" missed="8" covered="0"/><counter type="CLASS" missed="1" covered="0"/></class><sourcefile name="BookController.java"><line nr="14" mi="0" ci="3" mb="0" cb="0"/><line nr="21" mi="5" ci="0" mb="0" cb="0"/><line nr="22" mi="6" ci="0" mb="0" cb="0"/><line nr="27" mi="5" ci="0" mb="0" cb="0"/><line nr="28" mi="6" ci="0" mb="0" cb="0"/><line nr="33" mi="4" ci="0" mb="0" cb="0"/><line nr="34" mi="6" ci="0" mb="0" cb="0"/><line nr="49" mi="3" ci="0" mb="0" cb="0"/><line nr="51" mi="3" ci="0" mb="0" cb="0"/><line nr="52" mi="2" ci="0" mb="0" cb="0"/><line nr="54" mi="6" ci="0" mb="0" cb="0"/><line nr="61" mi="4" ci="0" mb="0" cb="0"/><line nr="62" mi="6" ci="0" mb="0" cb="0"/><line nr="66" mi="5" ci="0" mb="0" cb="0"/><line nr="67" mi="6" ci="0" mb="0" cb="0"/><counter type="INSTRUCTION" missed="67" covered="3"/><counter type="LINE" missed="14" covered="1"/><counter type="COMPLEXITY" missed="6" covered="1"/><counter type="METHOD" missed="6" covered="1"/><counter type="CLASS" missed="0" covered="1"/></sourcefile><sourcefile name="AuthorController.java"><line nr="20" mi="3" ci="0" mb="0" cb="0"/><line nr="30" mi="3" ci="0" mb="2" cb="0"/><line nr="31" mi="9" ci="0" mb="0" cb="0"/><line nr="34" mi="5" ci="0" mb="0" cb="0"/><line nr="35" mi="6" ci="0" mb="0" cb="0"/><line nr="36" mi="1" ci="0" mb="0" cb="0"/><line nr="38" mi="2" ci="0" mb="0" cb="0"/><line nr="39" mi="8" ci="0" mb="0" cb="0"/><line nr="46" mi="5" ci="0" mb="0" cb="0"/><line nr="47" mi="6" ci="0" mb="0" cb="0"/><line nr="54" mi="3" ci="0" mb="0" cb="0"/><line nr="56" mi="3" ci="0" mb="2" cb="0"/><line nr="57" mi="9" ci="0" mb="0" cb="0"/><line nr="60" mi="5" ci="0" mb="0" cb="0"/><line nr="61" mi="6" ci="0" mb="0" cb="0"/><line nr="62" mi="1" ci="0" mb="0" cb="0"/><line nr="63" mi="2" ci="0" mb="0" cb="0"/><line nr="64" mi="8" ci="0" mb="0" cb="0"/><line nr="71" mi="4" ci="0" mb="0" cb="0"/><line nr="72" mi="6" ci="0" mb="0" cb="0"/><line nr="77" mi="5" ci="0" mb="0" cb="0"/><line nr="78" mi="6" ci="0" mb="0" cb="0"/><counter type="INSTRUCTION" missed="106" covered="0"/><counter type="BRANCH" missed="4" covered="0"/><counter type="LINE" missed="22" covered="0"/><counter type="COMPLEXITY" missed="10" covered="0"/><counter type="METHOD" missed="8" covered="0"/><counter type="CLASS" missed="1" covered="0"/></sourcefile><counter type="INSTRUCTION" missed="173" covered="3"/><counter type="BRANCH" missed="4" covered="0"/><counter type="LINE" missed="36" covered="1"/><counter type="COMPLEXITY" missed="16" covered="1"/><counter type="METHOD" missed="14" covered="1"/><counter type="CLASS" missed="1" covered="1"/></package><package name="com/bookstoreapi/implementation"><class name="com/bookstoreapi/implementation/AuthorImplementation" sourcefilename="AuthorImplementation.java"><method name="&lt;init&gt;" desc="()V" line="17"><counter type="INSTRUCTION" missed="8" covered="0"/><counter type="LINE" missed="2" covered="0"/><counter type="COMPLEXITY" missed="1" covered="0"/><counter type="METHOD" missed="1" covered="0"/></method><method name="createAuthor" desc="(Lcom/bookstoreapi/entity/Author;)Lcom/bookstoreapi/entity/Author;" line="29"><counter type="INSTRUCTION" missed="6" covered="0"/><counter type="LINE" missed="1" covered="0"/><counter type="COMPLEXITY" missed="1" covered="0"/><counter type="METHOD" missed="1" covered="0"/></method><method name="getAuthorDetailsById" desc="(Ljava/lang/Long;)Lcom/bookstoreapi/entity/Author;" line="34"><counter type="INSTRUCTION" missed="9" covered="0"/><counter type="LINE" missed="2" covered="0"/><counter type="COMPLEXITY" missed="1" covered="0"/><counter type="METHOD" missed="1" covered="0"/></method><method name="deleteAuthor" desc="(Ljava/lang/Long;)V" line="41"><counter type="INSTRUCTION" missed="5" covered="0"/><counter type="LINE" missed="2" covered="0"/><counter type="COMPLEXITY" missed="1" covered="0"/><counter type="METHOD" missed="1" covered="0"/></method><method name="getAllAuthor" desc="()Ljava/util/List;" line="46"><counter type="INSTRUCTION" missed="4" covered="0"/><counter type="LINE" missed="1" covered="0"/><counter type="COMPLEXITY" missed="1" covered="0"/><counter type="METHOD" missed="1" covered="0"/></method><method name="updateAuthor" desc="(Lcom/bookstoreapi/entity/Author;)Lcom/bookstoreapi/entity/Author;" line="51"><counter type="INSTRUCTION" missed="30" covered="0"/><counter type="LINE" missed="6" covered="0"/><counter type="COMPLEXITY" missed="1" covered="0"/><counter type="METHOD" missed="1" covered="0"/></method><method name="getALlBookDetailsByAuthId" desc="(Ljava/lang/Long;)Ljava/util/List;" line="61"><counter type="INSTRUCTION" missed="4" covered="0"/><counter type="LINE" missed="1" covered="0"/><counter type="COMPLEXITY" missed="1" covered="0"/><counter type="METHOD" missed="1" covered="0"/></method><counter type="INSTRUCTION" missed="66" covered="0"/><counter type="LINE" missed="15" covered="0"/><counter type="COMPLEXITY" missed="7" covered="0"/><counter type="METHOD" missed="7" covered="0"/><counter type="CLASS" missed="1" covered="0"/></class><class name="com/bookstoreapi/implementation/BookImplementation" sourcefilename="BookImplementation.java"><method name="&lt;init&gt;" desc="(Lcom/bookstoreapi/repository/BookRepository;)V" line="29"><counter type="INSTRUCTION" missed="0" covered="6"/><counter type="LINE" missed="0" covered="3"/><counter type="COMPLEXITY" missed="0" covered="1"/><counter type="METHOD" missed="0" covered="1"/></method><method name="createBook" desc="(Lcom/bookstoreapi/entity/Book;)Lcom/bookstoreapi/entity/Book;" line="43"><counter type="INSTRUCTION" missed="6" covered="0"/><counter type="LINE" missed="1" covered="0"/><counter type="COMPLEXITY" missed="1" covered="0"/><counter type="METHOD" missed="1" covered="0"/></method><method name="createBooks" desc="(Ljava/util/List;)Ljava/util/List;" line="55"><counter type="INSTRUCTION" missed="5" covered="0"/><counter type="LINE" missed="1" covered="0"/><counter type="COMPLEXITY" missed="1" covered="0"/><counter type="METHOD" missed="1" covered="0"/></method><method name="getBookById" desc="(Ljava/lang/Long;)Lcom/bookstoreapi/entity/Book;" line="67"><counter type="INSTRUCTION" missed="0" covered="10"/><counter type="LINE" missed="0" covered="3"/><counter type="COMPLEXITY" missed="0" covered="1"/><counter type="METHOD" missed="0" covered="1"/></method><method name="getAllBooks" desc="()Ljava/util/List;" line="81"><counter type="INSTRUCTION" missed="4" covered="0"/><counter type="LINE" missed="1" covered="0"/><counter type="COMPLEXITY" missed="1" covered="0"/><counter type="METHOD" missed="1" covered="0"/></method><method name="updateBook" desc="(Lcom/bookstoreapi/entity/Book;)Lcom/bookstoreapi/entity/Book;" line="93"><counter type="INSTRUCTION" missed="41" covered="0"/><counter type="BRANCH" missed="2" covered="0"/><counter type="LINE" missed="13" covered="0"/><counter type="COMPLEXITY" missed="2" covered="0"/><counter type="METHOD" missed="1" covered="0"/></method><method name="deleteBook" desc="(Ljava/lang/Long;)V" line="122"><counter type="INSTRUCTION" missed="5" covered="0"/><counter type="LINE" missed="2" covered="0"/><counter type="COMPLEXITY" missed="1" covered="0"/><counter type="METHOD" missed="1" covered="0"/></method><method name="getAllBooksByAuthId" desc="(Ljava/lang/Long;)Ljava/util/List;" line="135"><counter type="INSTRUCTION" missed="2" covered="0"/><counter type="LINE" missed="1" covered="0"/><counter type="COMPLEXITY" missed="1" covered="0"/><counter type="METHOD" missed="1" covered="0"/></method><counter type="INSTRUCTION" missed="63" covered="16"/><counter type="BRANCH" missed="2" covered="0"/><counter type="LINE" missed="19" covered="6"/><counter type="COMPLEXITY" missed="7" covered="2"/><counter type="METHOD" missed="6" covered="2"/><counter type="CLASS" missed="0" covered="1"/></class><class name="com/bookstoreapi/implementation/CustomerImplementation" sourcefilename="CustomerImplementation.java"><method name="&lt;init&gt;" desc="(Lcom/bookstoreapi/repository/OrderRepository;)V" line="13"><counter type="INSTRUCTION" missed="6" covered="0"/><counter type="LINE" missed="3" covered="0"/><counter type="COMPLEXITY" missed="1" covered="0"/><counter type="METHOD" missed="1" covered="0"/></method><method name="createOrder" desc="(Lcom/bookstoreapi/entity/Order;)Lcom/bookstoreapi/entity/Order;" line="19"><counter type="INSTRUCTION" missed="6" covered="0"/><counter type="LINE" missed="1" covered="0"/><counter type="COMPLEXITY" missed="1" covered="0"/><counter type="METHOD" missed="1" covered="0"/></method><method name="findOrderByCustomerId" desc="(Ljava/lang/Long;)Lcom/bookstoreapi/entity/Order;" line="23"><counter type="INSTRUCTION" missed="8" covered="0"/><counter type="LINE" missed="2" covered="0"/><counter type="COMPLEXITY" missed="1" covered="0"/><counter type="METHOD" missed="1" covered="0"/></method><counter type="INSTRUCTION" missed="20" covered="0"/><counter type="LINE" missed="6" covered="0"/><counter type="COMPLEXITY" missed="3" covered="0"/><counter type="METHOD" missed="3" covered="0"/><counter type="CLASS" missed="1" covered="0"/></class><sourcefile name="AuthorImplementation.java"><line nr="17" mi="2" ci="0" mb="0" cb="0"/><line nr="25" mi="6" ci="0" mb="0" cb="0"/><line nr="29" mi="6" ci="0" mb="0" cb="0"/><line nr="34" mi="5" ci="0" mb="0" cb="0"/><line nr="35" mi="4" ci="0" mb="0" cb="0"/><line nr="41" mi="4" ci="0" mb="0" cb="0"/><line nr="42" mi="1" ci="0" mb="0" cb="0"/><line nr="46" mi="4" ci="0" mb="0" cb="0"/><line nr="51" mi="8" ci="0" mb="0" cb="0"/><line nr="52" mi="4" ci="0" mb="0" cb="0"/><line nr="53" mi="4" ci="0" mb="0" cb="0"/><line nr="54" mi="4" ci="0" mb="0" cb="0"/><line nr="55" mi="4" ci="0" mb="0" cb="0"/><line nr="56" mi="6" ci="0" mb="0" cb="0"/><line nr="61" mi="4" ci="0" mb="0" cb="0"/><counter type="INSTRUCTION" missed="66" covered="0"/><counter type="LINE" missed="15" covered="0"/><counter type="COMPLEXITY" missed="7" covered="0"/><counter type="METHOD" missed="7" covered="0"/><counter type="CLASS" missed="1" covered="0"/></sourcefile><sourcefile name="BookImplementation.java"><line nr="29" mi="0" ci="2" mb="0" cb="0"/><line nr="31" mi="0" ci="3" mb="0" cb="0"/><line nr="32" mi="0" ci="1" mb="0" cb="0"/><line nr="43" mi="6" ci="0" mb="0" cb="0"/><line nr="55" mi="5" ci="0" mb="0" cb="0"/><line nr="67" mi="0" ci="3" mb="0" cb="0"/><line nr="68" mi="0" ci="2" mb="0" cb="0"/><line nr="70" mi="0" ci="5" mb="0" cb="0"/><line nr="81" mi="4" ci="0" mb="0" cb="0"/><line nr="93" mi="3" ci="0" mb="0" cb="0"/><line nr="94" mi="3" ci="0" mb="0" cb="0"/><line nr="96" mi="3" ci="0" mb="2" cb="0"/><line nr="97" mi="2" ci="0" mb="0" cb="0"/><line nr="100" mi="4" ci="0" mb="0" cb="0"/><line nr="102" mi="4" ci="0" mb="0" cb="0"/><line nr="103" mi="4" ci="0" mb="0" cb="0"/><line nr="104" mi="3" ci="0" mb="0" cb="0"/><line nr="105" mi="1" ci="0" mb="0" cb="0"/><line nr="106" mi="4" ci="0" mb="0" cb="0"/><line nr="108" mi="3" ci="0" mb="0" cb="0"/><line nr="109" mi="1" ci="0" mb="0" cb="0"/><line nr="111" mi="6" ci="0" mb="0" cb="0"/><line nr="122" mi="4" ci="0" mb="0" cb="0"/><line nr="123" mi="1" ci="0" mb="0" cb="0"/><line nr="135" mi="2" ci="0" mb="0" cb="0"/><counter type="INSTRUCTION" missed="63" covered="16"/><counter type="BRANCH" missed="2" covered="0"/><counter type="LINE" missed="19" covered="6"/><counter type="COMPLEXITY" missed="7" covered="2"/><counter type="METHOD" missed="6" covered="2"/><counter type="CLASS" missed="0" covered="1"/></sourcefile><sourcefile name="CustomerImplementation.java"><line nr="13" mi="2" ci="0" mb="0" cb="0"/><line nr="15" mi="3" ci="0" mb="0" cb="0"/><line nr="16" mi="1" ci="0" mb="0" cb="0"/><line nr="19" mi="6" ci="0" mb="0" cb="0"/><line nr="23" mi="6" ci="0" mb="0" cb="0"/><line nr="24" mi="2" ci="0" mb="0" cb="0"/><counter type="INSTRUCTION" missed="20" covered="0"/><counter type="LINE" missed="6" covered="0"/><counter type="COMPLEXITY" missed="3" covered="0"/><counter type="METHOD" missed="3" covered="0"/><counter type="CLASS" missed="1" covered="0"/></sourcefile><counter type="INSTRUCTION" missed="149" covered="16"/><counter type="BRANCH" missed="2" covered="0"/><counter type="LINE" missed="40" covered="6"/><counter type="COMPLEXITY" missed="17" covered="2"/><counter type="METHOD" missed="16" covered="2"/><counter type="CLASS" missed="2" covered="1"/></package><package name="com/bookstoreapi/Kafka"><class name="com/bookstoreapi/Kafka/KafkaController" sourcefilename="KafkaController.java"><method name="&lt;init&gt;" desc="()V" line="9"><counter type="INSTRUCTION" missed="3" covered="0"/><counter type="LINE" missed="1" covered="0"/><counter type="COMPLEXITY" missed="1" covered="0"/><counter type="METHOD" missed="1" covered="0"/></method><method name="sendMessageToKafka" desc="(Ljava/lang/String;)Ljava/lang/String;" line="16"><counter type="INSTRUCTION" missed="7" covered="0"/><counter type="LINE" missed="2" covered="0"/><counter type="COMPLEXITY" missed="1" covered="0"/><counter type="METHOD" missed="1" covered="0"/></method><counter type="INSTRUCTION" missed="10" covered="0"/><counter type="LINE" missed="3" covered="0"/><counter type="COMPLEXITY" missed="2" covered="0"/><counter type="METHOD" missed="2" covered="0"/><counter type="CLASS" missed="1" covered="0"/></class><class name="com/bookstoreapi/Kafka/KafkaProducerService" sourcefilename="KafkaProducerService.java"><method name="&lt;init&gt;" desc="(Lorg/springframework/kafka/core/KafkaTemplate;)V" line="23"><counter type="INSTRUCTION" missed="6" covered="0"/><counter type="LINE" missed="3" covered="0"/><counter type="COMPLEXITY" missed="1" covered="0"/><counter type="METHOD" missed="1" covered="0"/></method><method name="sendMessage" desc="(Ljava/lang/String;Ljava/lang/String;)V" line="38"><counter type="INSTRUCTION" missed="7" covered="0"/><counter type="LINE" missed="2" covered="0"/><counter type="COMPLEXITY" missed="1" covered="0"/><counter type="METHOD" missed="1" covered="0"/></method><counter type="INSTRUCTION" missed="13" covered="0"/><counter type="LINE" missed="5" covered="0"/><counter type="COMPLEXITY" missed="2" covered="0"/><counter type="METHOD" missed="2" covered="0"/><counter type="CLASS" missed="1" covered="0"/></class><class name="com/bookstoreapi/Kafka/KafkaConsumerService" sourcefilename="KafkaConsumerService.java"><method name="&lt;init&gt;" desc="()V" line="7"><counter type="INSTRUCTION" missed="3" covered="0"/><counter type="LINE" missed="1" covered="0"/><counter type="COMPLEXITY" missed="1" covered="0"/><counter type="METHOD" missed="1" covered="0"/></method><method name="listen" desc="(Ljava/lang/String;)V" line="11"><counter type="INSTRUCTION" missed="5" covered="0"/><counter type="LINE" missed="2" covered="0"/><counter type="COMPLEXITY" missed="1" covered="0"/><counter type="METHOD" missed="1" covered="0"/></method><counter type="INSTRUCTION" missed="8" covered="0"/><counter type="LINE" missed="3" covered="0"/><counter type="COMPLEXITY" missed="2" covered="0"/><counter type="METHOD" missed="2" covered="0"/><counter type="CLASS" missed="1" covered="0"/></class><class name="com/bookstoreapi/Kafka/KafkaTopicConfig" sourcefilename="KafkaTopicConfig.java"><method name="&lt;init&gt;" desc="()V" line="9"><counter type="INSTRUCTION" missed="3" covered="0"/><counter type="LINE" missed="1" covered="0"/><counter type="COMPLEXITY" missed="1" covered="0"/><counter type="METHOD" missed="1" covered="0"/></method><method name="myTopic" desc="()Lorg/apache/kafka/clients/admin/NewTopic;" line="13"><counter type="INSTRUCTION" missed="8" covered="0"/><counter type="LINE" missed="4" covered="0"/><counter type="COMPLEXITY" missed="1" covered="0"/><counter type="METHOD" missed="1" covered="0"/></method><counter type="INSTRUCTION" missed="11" covered="0"/><counter type="LINE" missed="5" covered="0"/><counter type="COMPLEXITY" missed="2" covered="0"/><counter type="METHOD" missed="2" covered="0"/><counter type="CLASS" missed="1" covered="0"/></class><sourcefile name="KafkaController.java"><line nr="9" mi="3" ci="0" mb="0" cb="0"/><line nr="16" mi="5" ci="0" mb="0" cb="0"/><line nr="17" mi="2" ci="0" mb="0" cb="0"/><counter type="INSTRUCTION" missed="10" covered="0"/><counter type="LINE" missed="3" covered="0"/><counter type="COMPLEXITY" missed="2" covered="0"/><counter type="METHOD" missed="2" covered="0"/><counter type="CLASS" missed="1" covered="0"/></sourcefile><sourcefile name="KafkaTopicConfig.java"><line nr="9" mi="3" ci="0" mb="0" cb="0"/><line nr="13" mi="4" ci="0" mb="0" cb="0"/><line nr="14" mi="2" ci="0" mb="0" cb="0"/><line nr="15" mi="1" ci="0" mb="0" cb="0"/><line nr="16" mi="1" ci="0" mb="0" cb="0"/><counter type="INSTRUCTION" missed="11" covered="0"/><counter type="LINE" missed="5" covered="0"/><counter type="COMPLEXITY" missed="2" covered="0"/><counter type="METHOD" missed="2" covered="0"/><counter type="CLASS" missed="1" covered="0"/></sourcefile><sourcefile name="KafkaConsumerService.java"><line nr="7" mi="3" ci="0" mb="0" cb="0"/><line nr="11" mi="4" ci="0" mb="0" cb="0"/><line nr="12" mi="1" ci="0" mb="0" cb="0"/><counter type="INSTRUCTION" missed="8" covered="0"/><counter type="LINE" missed="3" covered="0"/><counter type="COMPLEXITY" missed="2" covered="0"/><counter type="METHOD" missed="2" covered="0"/><counter type="CLASS" missed="1" covered="0"/></sourcefile><sourcefile name="KafkaProducerService.java"><line nr="23" mi="2" ci="0" mb="0" cb="0"/><line nr="25" mi="3" ci="0" mb="0" cb="0"/><line nr="26" mi="1" ci="0" mb="0" cb="0"/><line nr="38" mi="6" ci="0" mb="0" cb="0"/><line nr="39" mi="1" ci="0" mb="0" cb="0"/><counter type="INSTRUCTION" missed="13" covered="0"/><counter type="LINE" missed="5" covered="0"/><counter type="COMPLEXITY" missed="2" covered="0"/><counter type="METHOD" missed="2" covered="0"/><counter type="CLASS" missed="1" covered="0"/></sourcefile><counter type="INSTRUCTION" missed="42" covered="0"/><counter type="LINE" missed="16" covered="0"/><counter type="COMPLEXITY" missed="8" covered="0"/><counter type="METHOD" missed="8" covered="0"/><counter type="CLASS" missed="4" covered="0"/></package><package name="com/bookstoreapi/service"><class name="com/bookstoreapi/service/BookService" sourcefilename="BookService.java"/><class name="com/bookstoreapi/service/AuthorService" sourcefilename="AuthorService.java"/><class name="com/bookstoreapi/service/BillingService" sourcefilename="BillingService.java"/><sourcefile name="AuthorService.java"/><sourcefile name="BillingService.java"/><sourcefile name="BookService.java"/></package><package name="com/bookstoreapi"><class name="com/bookstoreapi/SpringBootRestfulWebservicesApplication" sourcefilename="SpringBootRestfulWebservicesApplication.java"><method name="&lt;init&gt;" desc="()V" line="7"><counter type="INSTRUCTION" missed="0" covered="3"/><counter type="LINE" missed="0" covered="1"/><counter type="COMPLEXITY" missed="0" covered="1"/><counter type="METHOD" missed="0" covered="1"/></method><method name="main" desc="([Ljava/lang/String;)V" line="10"><counter type="INSTRUCTION" missed="5" covered="0"/><counter type="LINE" missed="2" covered="0"/><counter type="COMPLEXITY" missed="1" covered="0"/><counter type="METHOD" missed="1" covered="0"/></method><counter type="INSTRUCTION" missed="5" covered="3"/><counter type="LINE" missed="2" covered="1"/><counter type="COMPLEXITY" missed="1" covered="1"/><counter type="METHOD" missed="1" covered="1"/><counter type="CLASS" missed="0" covered="1"/></class><sourcefile name="SpringBootRestfulWebservicesApplication.java"><line nr="7" mi="0" ci="3" mb="0" cb="0"/><line nr="10" mi="4" ci="0" mb="0" cb="0"/><line nr="11" mi="1" ci="0" mb="0" cb="0"/><counter type="INSTRUCTION" missed="5" covered="3"/><counter type="LINE" missed="2" covered="1"/><counter type="COMPLEXITY" missed="1" covered="1"/><counter type="METHOD" missed="1" covered="1"/><counter type="CLASS" missed="0" covered="1"/></sourcefile><counter type="INSTRUCTION" missed="5" covered="3"/><counter type="LINE" missed="2" covered="1"/><counter type="COMPLEXITY" missed="1" covered="1"/><counter type="METHOD" missed="1" covered="1"/><counter type="CLASS" missed="0" covered="1"/></package><counter type="INSTRUCTION" missed="508" covered="83"/><counter type="BRANCH" missed="10" covered="0"/><counter type="LINE" missed="141" covered="34"/><counter type="COMPLEXITY" missed="70" covered="14"/><counter type="METHOD" missed="65" covered="14"/><counter type="CLASS" missed="9" covered="5"/></report>