<?xml version="1.0" encoding="UTF-8"?>
<testsuite xmlns:xsi="http://www.w3.org/2001/XMLSchema-instance" xsi:noNamespaceSchemaLocation="https://maven.apache.org/surefire/maven-surefire-plugin/xsd/surefire-test-report.xsd" version="3.0.2" name="com.bookstoreapi.BookControllerTest" time="27.845" tests="1" errors="0" skipped="0" failures="0">
  <properties>
[...]
</properties>
  <testcase name="getBook_returnsJson" classname="com.bookstoreapi.BookControllerTest" time="0.221">
    <system-out><![CDATA[19:52:36.052 [main] INFO org.springframework.test.context.support.AnnotationConfigContextLoaderUtils -- Could not detect default configuration classes for test class [com.bookstoreapi.BookControllerTest]: BookControllerTest does not declare any static, non-private, non-final, nested classes annotated with @Configuration.
19:52:39.659 [main] INFO org.springframework.boot.test.context.SpringBootTestContextBootstrapper -- Found @SpringBootConfiguration com.bookstoreapi.SpringBootRestfulWebservicesApplication for test class com.bookstoreapi.BookControllerTest

  .   ____          _            __ _ _
 /\\ / ___'_ __ _ _(_)_ __  __ _ \ \ \ \
( ( )\___ | '_ | '_| | '_ \/ _` | \ \ \ \
 \\/  ___)| |_)| | | | | || (_| |  ) ) ) )
  '  |____| .__|_| |_|_| |_\__, | / / / /
 =========|_|==============|___/=/_/_/_/

 :: Spring Boot ::                (v3.5.6)

2026-05-26T19:52:44.456+05:30  INFO 7148 --- [           main] com.bookstoreapi.BookControllerTest      : Starting BookControllerTest using Java 21.0.11 with PID 7148 (started by 4 in C:\Users\4\project\Demo_Devops)
2026-05-26T19:52:44.459+05:30  INFO 7148 --- [           main] com.bookstoreapi.BookControllerTest      : No active profile set, falling back to 1 default profile: "default"
2026-05-26T19:53:00.264+05:30  WARN 7148 --- [           main] .s.s.UserDetailsServiceAutoConfiguration : 

Using generated security password: a2d8dbd7-df67-4779-b847-43d564318d48

This generated password is for development use only. Your security configuration must be updated before running your application in production.

2026-05-26T19:53:00.307+05:30  INFO 7148 --- [           main] r$InitializeUserDetailsManagerConfigurer : Global AuthenticationManager configured with UserDetailsService bean with name inMemoryUserDetailsManager
2026-05-26T19:53:01.694+05:30  INFO 7148 --- [           main] o.s.b.t.m.w.SpringBootMockServletContext : Initializing Spring TestDispatcherServlet ''
2026-05-26T19:53:01.694+05:30  INFO 7148 --- [           main] o.s.t.web.servlet.TestDispatcherServlet  : Initializing Servlet ''
2026-05-26T19:53:01.701+05:30  INFO 7148 --- [           main] o.s.t.web.servlet.TestDispatcherServlet  : Completed initialization in 5 ms
2026-05-26T19:53:01.829+05:30  INFO 7148 --- [           main] com.bookstoreapi.BookControllerTest      : Started BookControllerTest in 21.16 seconds (process running for 35.238)
]]></system-out>
    <system-err><![CDATA[Mockito is currently self-attaching to enable the inline-mock-maker. This will no longer work in future releases of the JDK. Please add Mockito as an agent to your build as described in Mockito's documentation: https://javadoc.io/doc/org.mockito/mockito-core/latest/org.mockito/org/mockito/Mockito.html#0.3
WARNING: A Java agent has been loaded dynamically (C:\Users\4\.m2\repository\net\bytebuddy\byte-buddy-agent\1.17.7\byte-buddy-agent-1.17.7.jar)
WARNING: If a serviceability tool is in use, please run with -XX:+EnableDynamicAgentLoading to hide this warning
WARNING: If a serviceability tool is not in use, please run with -Djdk.instrument.traceUsage for more information
WARNING: Dynamic loading of agents will be disallowed by default in a future release
]]></system-err>
  </testcase>
</testsuite>