<?xml version="1.0" encoding="UTF-8"?>
<testsuite xmlns:xsi="http://www.w3.org/2001/XMLSchema-instance" xsi:noNamespaceSchemaLocation="https://maven.apache.org/surefire/maven-surefire-plugin/xsd/surefire-test-report.xsd" version="3.0.2" name="com.bookstoreapi.BookRepositoryTest" time="10.465" tests="1" errors="0" skipped="0" failures="0">
  <properties>
[...]
</properties>
  <testcase name="saveAndFind" classname="com.bookstoreapi.BookRepositoryTest" time="0.594">
    <system-out><![CDATA[2026-05-26T20:11:59.478+05:30  INFO 6520 --- [           main] t.c.s.AnnotationConfigContextLoaderUtils : Could not detect default configuration classes for test class [com.bookstoreapi.BookRepositoryTest]: BookRepositoryTest does not declare any static, non-private, non-final, nested classes annotated with @Configuration.
2026-05-26T20:11:59.703+05:30  INFO 6520 --- [           main] .b.t.c.SpringBootTestContextBootstrapper : Found @SpringBootConfiguration com.bookstoreapi.SpringBootRestfulWebservicesApplication for test class com.bookstoreapi.BookRepositoryTest

  .   ____          _            __ _ _
 /\\ / ___'_ __ _ _(_)_ __  __ _ \ \ \ \
( ( )\___ | '_ | '_| | '_ \/ _` | \ \ \ \
 \\/  ___)| |_)| | | | | || (_| |  ) ) ) )
  '  |____| .__|_| |_|_| |_\__, | / / / /
 =========|_|==============|___/=/_/_/_/

 :: Spring Boot ::                (v3.5.6)

2026-05-26T20:11:59.817+05:30  INFO 6520 --- [           main] com.bookstoreapi.BookRepositoryTest      : Starting BookRepositoryTest using Java 21.0.11 with PID 6520 (started by 4 in C:\Users\4\project\Demo_Devops)
2026-05-26T20:11:59.817+05:30  INFO 6520 --- [           main] com.bookstoreapi.BookRepositoryTest      : No active profile set, falling back to 1 default profile: "default"
2026-05-26T20:12:00.602+05:30  INFO 6520 --- [           main] .s.d.r.c.RepositoryConfigurationDelegate : Bootstrapping Spring Data JPA repositories in DEFAULT mode.
2026-05-26T20:12:00.774+05:30  INFO 6520 --- [           main] .s.d.r.c.RepositoryConfigurationDelegate : Finished Spring Data repository scanning in 141 ms. Found 4 JPA repository interfaces.
2026-05-26T20:12:00.927+05:30  INFO 6520 --- [           main] beddedDataSourceBeanFactoryPostProcessor : Replacing 'dataSource' DataSource bean with embedded version
2026-05-26T20:12:01.184+05:30  INFO 6520 --- [           main] o.s.j.d.e.EmbeddedDatabaseFactory        : Starting embedded database: url='jdbc:h2:mem:fe906ca9-bc61-49fa-b337-ff41f9480bc8;DB_CLOSE_DELAY=-1;DB_CLOSE_ON_EXIT=false', username='sa'
2026-05-26T20:12:02.644+05:30  INFO 6520 --- [           main] o.hibernate.jpa.internal.util.LogHelper  : HHH000204: Processing PersistenceUnitInfo [name: default]
2026-05-26T20:12:02.894+05:30  INFO 6520 --- [           main] org.hibernate.Version                    : HHH000412: Hibernate ORM core version 6.6.29.Final
2026-05-26T20:12:03.044+05:30  INFO 6520 --- [           main] o.h.c.internal.RegionFactoryInitiator    : HHH000026: Second-level cache disabled
2026-05-26T20:12:04.180+05:30  INFO 6520 --- [           main] o.s.o.j.p.SpringPersistenceUnitInfo      : No LoadTimeWeaver setup: ignoring JPA class transformer
2026-05-26T20:12:04.432+05:30  WARN 6520 --- [           main] org.hibernate.orm.deprecation            : HHH90000025: H2Dialect does not need to be specified explicitly using 'hibernate.dialect' (remove the property setting and it will be selected by default)
2026-05-26T20:12:04.521+05:30  INFO 6520 --- [           main] org.hibernate.orm.connections.pooling    : HHH10001005: Database info:
	Database JDBC URL [Connecting through datasource 'org.springframework.jdbc.datasource.embedded.EmbeddedDatabaseFactory$EmbeddedDataSourceProxy@343cb1af']
	Database driver: undefined/unknown
	Database version: 2.3.232
	Autocommit mode: undefined/unknown
	Isolation level: undefined/unknown
	Minimum pool size: undefined/unknown
	Maximum pool size: undefined/unknown
2026-05-26T20:12:08.344+05:30  INFO 6520 --- [           main] o.h.e.t.j.p.i.JtaPlatformInitiator       : HHH000489: No JTA platform available (set 'hibernate.transaction.jta.platform' to enable JTA platform integration)
Hibernate: drop table if exists author cascade 
Hibernate: drop table if exists book cascade 
Hibernate: drop table if exists customers cascade 
Hibernate: drop table if exists orders cascade 
Hibernate: create table author (id bigint generated by default as identity, address varchar(255), email varchar(255), name varchar(255), phone varchar(255), primary key (id))
Hibernate: create table book (author_id bigint, id bigint generated by default as identity, description varchar(255), genre varchar(255), price varchar(255), publication_date varchar(255), title varchar(255), primary key (id))
Hibernate: create table customers (id bigint generated by default as identity, city varchar(255) not null, country_region varchar(255) not null, name varchar(255) not null, phone_number varchar(255) not null, postal_code varchar(255) not null, street_and_house_number varchar(255) not null, surname varchar(255) not null, primary key (id))
Hibernate: create table orders (order_date date not null, id bigint generated by default as identity, primary key (id))
Hibernate: alter table if exists book add constraint FKklnrv3weler2ftkweewlky958 foreign key (author_id) references author
2026-05-26T20:12:08.546+05:30  INFO 6520 --- [           main] j.LocalContainerEntityManagerFactoryBean : Initialized JPA EntityManagerFactory for persistence unit 'default'
2026-05-26T20:12:09.293+05:30  INFO 6520 --- [           main] com.bookstoreapi.BookRepositoryTest      : Started BookRepositoryTest in 9.581 seconds (process running for 23.585)
Hibernate: insert into book (author_id,description,genre,price,publication_date,title,id) values (?,?,?,?,?,?,default)
]]></system-out>
  </testcase>
</testsuite>